🚀 [Wed Feb 25 15:16:40 -05 2026] Starting Automated Pipeline...
🚀 STARTING FULL XGBOOST PIPELINE 🚀

############################################################
### STEP: Updating Raw Market Data
############################################################
Attempting yfinance fetch for AAPL...
Merging with existing data for AAPL...
Saving 11392 rows to data/raw/AAPL.parquet
Attempting yfinance fetch for MSFT...
Merging with existing data for MSFT...
Saving 10066 rows to data/raw/MSFT.parquet
Attempting yfinance fetch for NVDA...
Merging with existing data for NVDA...
Saving 6815 rows to data/raw/NVDA.parquet
Attempting yfinance fetch for GOOGL...
Merging with existing data for GOOGL...
Saving 5414 rows to data/raw/GOOGL.parquet
Attempting yfinance fetch for AMZN...
Merging with existing data for AMZN...
Saving 7240 rows to data/raw/AMZN.parquet
Attempting yfinance fetch for META...
Merging with existing data for META...
Saving 3462 rows to data/raw/META.parquet
Attempting yfinance fetch for TSLA...
Merging with existing data for TSLA...
Saving 3939 rows to data/raw/TSLA.parquet
Attempting yfinance fetch for AMD...
Merging with existing data for AMD...
Saving 11580 rows to data/raw/AMD.parquet
Attempting yfinance fetch for QCOM...
Merging with existing data for QCOM...
Saving 8610 rows to data/raw/QCOM.parquet
Attempting yfinance fetch for NFLX...
Merging with existing data for NFLX...
Saving 5978 rows to data/raw/NFLX.parquet
Attempting yfinance fetch for AVGO...
Merging with existing data for AVGO...
Saving 4164 rows to data/raw/AVGO.parquet
Attempting yfinance fetch for SMCI...
Merging with existing data for SMCI...
Saving 4758 rows to data/raw/SMCI.parquet
Attempting yfinance fetch for MELI...
Merging with existing data for MELI...
Saving 4665 rows to data/raw/MELI.parquet
Attempting yfinance fetch for SHOP...
Merging with existing data for SHOP...
Saving 2708 rows to data/raw/SHOP.parquet
Attempting yfinance fetch for SNOW...
Merging with existing data for SNOW...
Saving 1367 rows to data/raw/SNOW.parquet
Attempting yfinance fetch for CRM...
Merging with existing data for CRM...
Saving 5454 rows to data/raw/CRM.parquet
Attempting yfinance fetch for NOW...
Merging with existing data for NOW...
Saving 3433 rows to data/raw/NOW.parquet
Attempting yfinance fetch for ADBE...
Merging with existing data for ADBE...
Saving 9960 rows to data/raw/ADBE.parquet
Attempting yfinance fetch for INTU...
Merging with existing data for INTU...
Saving 8296 rows to data/raw/INTU.parquet
Attempting yfinance fetch for UBER...
Merging with existing data for UBER...
Saving 1708 rows to data/raw/UBER.parquet
Attempting yfinance fetch for LYFT...
Merging with existing data for LYFT...
Saving 1737 rows to data/raw/LYFT.parquet
Attempting yfinance fetch for ABNB...
Merging with existing data for ABNB...
Saving 1307 rows to data/raw/ABNB.parquet
Attempting yfinance fetch for DASH...
Merging with existing data for DASH...
Saving 1308 rows to data/raw/DASH.parquet
Attempting yfinance fetch for RBLX...
Merging with existing data for RBLX...
Saving 1247 rows to data/raw/RBLX.parquet
Attempting yfinance fetch for SPOT...
Merging with existing data for SPOT...
Saving 1986 rows to data/raw/SPOT.parquet
Attempting yfinance fetch for DDOG...
Merging with existing data for DDOG...
Saving 1617 rows to data/raw/DDOG.parquet
Attempting yfinance fetch for NET...
Merging with existing data for NET...
Saving 1621 rows to data/raw/NET.parquet
Attempting yfinance fetch for ZS...
Merging with existing data for ZS...
Saving 1997 rows to data/raw/ZS.parquet
Attempting yfinance fetch for CRWD...
Merging with existing data for CRWD...
Saving 1686 rows to data/raw/CRWD.parquet
Attempting yfinance fetch for OKTA...
Merging with existing data for OKTA...
Saving 2233 rows to data/raw/OKTA.parquet
Attempting yfinance fetch for TSM...
Merging with existing data for TSM...
Saving 7138 rows to data/raw/TSM.parquet
Attempting yfinance fetch for ASML...
Merging with existing data for ASML...
Saving 7789 rows to data/raw/ASML.parquet
Attempting yfinance fetch for INTC...
Merging with existing data for INTC...
Saving 11580 rows to data/raw/INTC.parquet
Attempting yfinance fetch for MU...
Merging with existing data for MU...
Saving 10515 rows to data/raw/MU.parquet
Attempting yfinance fetch for ARM...
Merging with existing data for ARM...
Saving 614 rows to data/raw/ARM.parquet
Attempting yfinance fetch for LRCX...
Merging with existing data for LRCX...
Saving 10534 rows to data/raw/LRCX.parquet
Attempting yfinance fetch for AMAT...
Merging with existing data for AMAT...
Saving 11580 rows to data/raw/AMAT.parquet
Attempting yfinance fetch for KLAC...
Merging with existing data for KLAC...
Saving 11437 rows to data/raw/KLAC.parquet
Attempting yfinance fetch for MCHP...
Merging with existing data for MCHP...
Saving 8291 rows to data/raw/MCHP.parquet
Attempting yfinance fetch for SWKS...
Merging with existing data for SWKS...
Saving 10447 rows to data/raw/SWKS.parquet
Attempting yfinance fetch for JPM...
Merging with existing data for JPM...
Saving 11580 rows to data/raw/JPM.parquet
Attempting yfinance fetch for BAC...
Merging with existing data for BAC...
Saving 13366 rows to data/raw/BAC.parquet
Attempting yfinance fetch for GS...
Merging with existing data for GS...
Saving 6745 rows to data/raw/GS.parquet
Attempting yfinance fetch for MS...
Merging with existing data for MS...
Saving 8309 rows to data/raw/MS.parquet
Attempting yfinance fetch for V...
Merging with existing data for V...
Saving 4513 rows to data/raw/V.parquet
Attempting yfinance fetch for MA...
Merging with existing data for MA...
Saving 4969 rows to data/raw/MA.parquet
Attempting yfinance fetch for PYPL...
Merging with existing data for PYPL...
Saving 2677 rows to data/raw/PYPL.parquet
Attempting yfinance fetch for COIN...
Merging with existing data for COIN...
Saving 1223 rows to data/raw/COIN.parquet
Attempting yfinance fetch for MSTR...
Merging with existing data for MSTR...
Saving 6970 rows to data/raw/MSTR.parquet
Attempting yfinance fetch for SQ...
yfinance returned empty data for SQ.
yfinance failed for SQ, trying Alpha Vantage...
Attempting Alpha Vantage fetch for SQ...
Alpha Vantage error or no data for SQ: Unknown error
Pipeline error for SQ: Complete failure fetching data for symbol: SQ
Attempting yfinance fetch for BLK...
Merging with existing data for BLK...
Saving 6640 rows to data/raw/BLK.parquet
Attempting yfinance fetch for C...
Merging with existing data for C...
Saving 12389 rows to data/raw/C.parquet
Attempting yfinance fetch for WFC...
Merging with existing data for WFC...
Saving 13546 rows to data/raw/WFC.parquet
Attempting yfinance fetch for AXP...
Merging with existing data for AXP...
Saving 13546 rows to data/raw/AXP.parquet
Attempting yfinance fetch for SCHW...
Merging with existing data for SCHW...
Saving 9680 rows to data/raw/SCHW.parquet
Attempting yfinance fetch for XOM...
Merging with existing data for XOM...
Saving 16145 rows to data/raw/XOM.parquet
Attempting yfinance fetch for CVX...
Merging with existing data for CVX...
Saving 16145 rows to data/raw/CVX.parquet
Attempting yfinance fetch for SHEL...
Merging with existing data for SHEL...
Saving 10572 rows to data/raw/SHEL.parquet
Attempting yfinance fetch for BP...
Merging with existing data for BP...
Saving 16145 rows to data/raw/BP.parquet
Attempting yfinance fetch for XLE...
Merging with existing data for XLE...
Saving 6835 rows to data/raw/XLE.parquet
Attempting yfinance fetch for OXY...
Merging with existing data for OXY...
Saving 11127 rows to data/raw/OXY.parquet
Attempting yfinance fetch for COP...
Merging with existing data for COP...
Saving 11127 rows to data/raw/COP.parquet
Attempting yfinance fetch for SLB...
Merging with existing data for SLB...
Saving 11127 rows to data/raw/SLB.parquet
Attempting yfinance fetch for JNJ...
Merging with existing data for JNJ...
Saving 16145 rows to data/raw/JNJ.parquet
Attempting yfinance fetch for LLY...
Merging with existing data for LLY...
Saving 13546 rows to data/raw/LLY.parquet
Attempting yfinance fetch for UNH...
Merging with existing data for UNH...
Saving 10419 rows to data/raw/UNH.parquet
Attempting yfinance fetch for PFE...
Merging with existing data for PFE...
Saving 13546 rows to data/raw/PFE.parquet
Attempting yfinance fetch for ABBV...
Merging with existing data for ABBV...
Saving 3307 rows to data/raw/ABBV.parquet
Attempting yfinance fetch for MRNA...
Merging with existing data for MRNA...
Saving 1813 rows to data/raw/MRNA.parquet
Attempting yfinance fetch for BNTX...
Merging with existing data for BNTX...
Saving 1602 rows to data/raw/BNTX.parquet
Attempting yfinance fetch for GILD...
Merging with existing data for GILD...
Saving 8584 rows to data/raw/GILD.parquet
Attempting yfinance fetch for BIIB...
Merging with existing data for BIIB...
Saving 8672 rows to data/raw/BIIB.parquet
Attempting yfinance fetch for REGN...
Merging with existing data for REGN...
Saving 8789 rows to data/raw/REGN.parquet
Attempting yfinance fetch for WMT...
Merging with existing data for WMT...
Saving 13486 rows to data/raw/WMT.parquet
Attempting yfinance fetch for PG...
Merging with existing data for PG...
Saving 16145 rows to data/raw/PG.parquet
Attempting yfinance fetch for COST...
Merging with existing data for COST...
Saving 9985 rows to data/raw/COST.parquet
Attempting yfinance fetch for KO...
Merging with existing data for KO...
Saving 16145 rows to data/raw/KO.parquet
Attempting yfinance fetch for PEP...
Merging with existing data for PEP...
Saving 13546 rows to data/raw/PEP.parquet
Attempting yfinance fetch for TGT...
Merging with existing data for TGT...
Saving 13366 rows to data/raw/TGT.parquet
Attempting yfinance fetch for HD...
Merging with existing data for HD...
Saving 11197 rows to data/raw/HD.parquet
Attempting yfinance fetch for NKE...
Merging with existing data for NKE...
Saving 11400 rows to data/raw/NKE.parquet
Attempting yfinance fetch for SBUX...
Merging with existing data for SBUX...
Saving 8475 rows to data/raw/SBUX.parquet
Attempting yfinance fetch for MCD...
Merging with existing data for MCD...
Saving 15010 rows to data/raw/MCD.parquet
Attempting yfinance fetch for XLU...
Merging with existing data for XLU...
Saving 6835 rows to data/raw/XLU.parquet
Attempting yfinance fetch for NEE...
Merging with existing data for NEE...
Saving 13366 rows to data/raw/NEE.parquet
Attempting yfinance fetch for DUK...
Merging with existing data for DUK...
Saving 11580 rows to data/raw/DUK.parquet
Attempting yfinance fetch for SO...
Merging with existing data for SO...
Saving 11127 rows to data/raw/SO.parquet
Attempting yfinance fetch for D...
Merging with existing data for D...
Saving 11580 rows to data/raw/D.parquet
Attempting yfinance fetch for BA...
Merging with existing data for BA...
Saving 16145 rows to data/raw/BA.parquet
Attempting yfinance fetch for CAT...
Merging with existing data for CAT...
Saving 16145 rows to data/raw/CAT.parquet
Attempting yfinance fetch for GE...
Merging with existing data for GE...
Saving 16145 rows to data/raw/GE.parquet
Attempting yfinance fetch for LMT...
Merging with existing data for LMT...
Saving 16144 rows to data/raw/LMT.parquet
Attempting yfinance fetch for RTX...
Merging with existing data for RTX...
Saving 16082 rows to data/raw/RTX.parquet
Attempting yfinance fetch for NOC...
Merging with existing data for NOC...
Saving 11127 rows to data/raw/NOC.parquet
Attempting yfinance fetch for RIVN...
Merging with existing data for RIVN...
Saving 1076 rows to data/raw/RIVN.parquet
Attempting yfinance fetch for LCID...
Merging with existing data for LCID...
Saving 1365 rows to data/raw/LCID.parquet
Attempting yfinance fetch for XPEV...
Merging with existing data for XPEV...
Saving 1380 rows to data/raw/XPEV.parquet
Attempting yfinance fetch for NIO...
Merging with existing data for NIO...
Saving 1873 rows to data/raw/NIO.parquet
Attempting yfinance fetch for F...
Merging with existing data for F...
Saving 13546 rows to data/raw/F.parquet
Attempting yfinance fetch for GM...
Merging with existing data for GM...
Saving 3839 rows to data/raw/GM.parquet
Attempting yfinance fetch for BABA...
Merging with existing data for BABA...
Saving 2875 rows to data/raw/BABA.parquet
Attempting yfinance fetch for JD...
Merging with existing data for JD...
Saving 2958 rows to data/raw/JD.parquet
Attempting yfinance fetch for PDD...
Merging with existing data for PDD...
Saving 1906 rows to data/raw/PDD.parquet
Attempting yfinance fetch for BIDU...
Merging with existing data for BIDU...
Saving 5171 rows to data/raw/BIDU.parquet
Attempting yfinance fetch for MELI...
Merging with existing data for MELI...
Saving 4665 rows to data/raw/MELI.parquet
Attempting yfinance fetch for NU...
Merging with existing data for NU...
Saving 1056 rows to data/raw/NU.parquet
Attempting yfinance fetch for STNE...
Merging with existing data for STNE...
Saving 1842 rows to data/raw/STNE.parquet
Attempting yfinance fetch for PLTR...
Merging with existing data for PLTR...
Saving 1357 rows to data/raw/PLTR.parquet
Attempting yfinance fetch for SOUN...
Merging with existing data for SOUN...
Saving 960 rows to data/raw/SOUN.parquet
Attempting yfinance fetch for IONQ...
Merging with existing data for IONQ...
Saving 1292 rows to data/raw/IONQ.parquet
Attempting yfinance fetch for QBTS...
Merging with existing data for QBTS...
Saving 1306 rows to data/raw/QBTS.parquet
Attempting yfinance fetch for RGTI...
Merging with existing data for RGTI...
Saving 1217 rows to data/raw/RGTI.parquet
Attempting yfinance fetch for BBAI...
Merging with existing data for BBAI...
Saving 1230 rows to data/raw/BBAI.parquet
Attempting yfinance fetch for SPY...
Merging with existing data for SPY...
Saving 8325 rows to data/raw/SPY.parquet
Attempting yfinance fetch for QQQ...
Merging with existing data for QQQ...
Saving 6783 rows to data/raw/QQQ.parquet
Attempting yfinance fetch for VRT...
Merging with existing data for VRT...
Saving 1901 rows to data/raw/VRT.parquet
Attempting yfinance fetch for MSTR...
Merging with existing data for MSTR...
Saving 6970 rows to data/raw/MSTR.parquet
Attempting yfinance fetch for COIN...
Merging with existing data for COIN...
Saving 1223 rows to data/raw/COIN.parquet
Attempting yfinance fetch for GLD...
Merging with existing data for GLD...
Saving 5350 rows to data/raw/GLD.parquet
Attempting yfinance fetch for SLV...
Merging with existing data for SLV...
Saving 4988 rows to data/raw/SLV.parquet
Attempting yfinance fetch for TLT...
Merging with existing data for TLT...
Saving 5932 rows to data/raw/TLT.parquet
Attempting yfinance fetch for HYG...
Merging with existing data for HYG...
Saving 4750 rows to data/raw/HYG.parquet
Fetching VIX data (market regime filter)...
VIX data saved: 9104 rows to data/raw/^VIX.parquet


############################################################
### STEP: Generating Advanced Features
############################################################
Starting feature generation for 119 symbols...
Loading SPY as market context...
Loading VIX as market regime context...
Processing features for XLU...
Saving 6774 rows of engineered data to data/features/XLU.parquet
Processing features for WFC...
Saving 8288 rows of engineered data to data/features/WFC.parquet
Processing features for ABNB...
Saving 1246 rows of engineered data to data/features/ABNB.parquet
Processing features for SHEL...
Saving 8207 rows of engineered data to data/features/SHEL.parquet
Processing features for DUK...
Saving 8288 rows of engineered data to data/features/DUK.parquet
Processing features for SLV...
Saving 4927 rows of engineered data to data/features/SLV.parquet
Processing features for PDD...
Saving 1845 rows of engineered data to data/features/PDD.parquet
Processing features for RGTI...
Saving 1149 rows of engineered data to data/features/RGTI.parquet
Processing features for PLTR...
Saving 1296 rows of engineered data to data/features/PLTR.parquet
Processing features for BIDU...
Saving 5110 rows of engineered data to data/features/BIDU.parquet
Processing features for CVX...
Saving 8288 rows of engineered data to data/features/CVX.parquet
Processing features for ARM...
Saving 553 rows of engineered data to data/features/ARM.parquet
Processing features for SMCI...
Saving 4697 rows of engineered data to data/features/SMCI.parquet
Processing features for LRCX...
Saving 8288 rows of engineered data to data/features/LRCX.parquet
Processing features for AXP...
Saving 8288 rows of engineered data to data/features/AXP.parquet
Processing features for TSLA...
Saving 3878 rows of engineered data to data/features/TSLA.parquet
Processing features for BNTX...
Saving 1541 rows of engineered data to data/features/BNTX.parquet
Processing features for AMZN...
Saving 7179 rows of engineered data to data/features/AMZN.parquet
Processing features for MA...
Saving 4908 rows of engineered data to data/features/MA.parquet
Processing features for NU...
Saving 995 rows of engineered data to data/features/NU.parquet
Processing features for SWKS...
Saving 8282 rows of engineered data to data/features/SWKS.parquet
Processing features for AVGO...
Saving 4103 rows of engineered data to data/features/AVGO.parquet
Processing features for HD...
Saving 8288 rows of engineered data to data/features/HD.parquet
Processing features for QBTS...
Saving 1245 rows of engineered data to data/features/QBTS.parquet
Processing features for V...
Saving 4452 rows of engineered data to data/features/V.parquet
Processing features for GS...
Saving 6684 rows of engineered data to data/features/GS.parquet
Processing features for COST...
Saving 8288 rows of engineered data to data/features/COST.parquet
Processing features for IONQ...
Saving 1231 rows of engineered data to data/features/IONQ.parquet
Processing features for GE...
Saving 8288 rows of engineered data to data/features/GE.parquet
Processing features for ABBV...
Saving 3246 rows of engineered data to data/features/ABBV.parquet
Processing features for TSM...
Saving 7077 rows of engineered data to data/features/TSM.parquet
Processing features for MELI...
Saving 4604 rows of engineered data to data/features/MELI.parquet
Processing features for PEP...
Saving 8288 rows of engineered data to data/features/PEP.parquet
Processing features for MSFT...
Saving 8288 rows of engineered data to data/features/MSFT.parquet
Processing features for GLD...
Saving 5289 rows of engineered data to data/features/GLD.parquet
Processing features for ZS...
Saving 1936 rows of engineered data to data/features/ZS.parquet
Processing features for F...
Saving 8288 rows of engineered data to data/features/F.parquet
Processing features for CAT...
Saving 8288 rows of engineered data to data/features/CAT.parquet
Processing features for SBUX...
Saving 8288 rows of engineered data to data/features/SBUX.parquet
Processing features for INTU...
Saving 8235 rows of engineered data to data/features/INTU.parquet
Processing features for SNOW...
Saving 1306 rows of engineered data to data/features/SNOW.parquet
Processing features for SLB...
Saving 8288 rows of engineered data to data/features/SLB.parquet
Processing features for PG...
Saving 8288 rows of engineered data to data/features/PG.parquet
Processing features for BP...
Saving 8288 rows of engineered data to data/features/BP.parquet
Processing features for BA...
Saving 8288 rows of engineered data to data/features/BA.parquet
Processing features for MRNA...
Saving 1752 rows of engineered data to data/features/MRNA.parquet
Processing features for META...
Saving 3401 rows of engineered data to data/features/META.parquet
Processing features for RBLX...
Saving 1186 rows of engineered data to data/features/RBLX.parquet
Processing features for JD...
Saving 2897 rows of engineered data to data/features/JD.parquet
Processing features for GM...
Saving 3778 rows of engineered data to data/features/GM.parquet
Processing features for MSTR...
Saving 6909 rows of engineered data to data/features/MSTR.parquet
Processing features for QCOM...
Saving 8288 rows of engineered data to data/features/QCOM.parquet
Processing features for MCHP...
Saving 8229 rows of engineered data to data/features/MCHP.parquet
Processing features for OKTA...
Saving 2172 rows of engineered data to data/features/OKTA.parquet
Processing features for TLT...
Saving 5871 rows of engineered data to data/features/TLT.parquet
Processing features for GILD...
Saving 8284 rows of engineered data to data/features/GILD.parquet
Processing features for PFE...
Saving 8288 rows of engineered data to data/features/PFE.parquet
Processing features for MU...
Saving 8288 rows of engineered data to data/features/MU.parquet
Processing features for NFLX...
Saving 5917 rows of engineered data to data/features/NFLX.parquet
Processing features for AMAT...
Saving 8288 rows of engineered data to data/features/AMAT.parquet
Processing features for NOC...
Saving 8288 rows of engineered data to data/features/NOC.parquet
Processing features for MS...
Saving 8248 rows of engineered data to data/features/MS.parquet
Processing features for CRWD...
Saving 1625 rows of engineered data to data/features/CRWD.parquet
Processing features for JPM...
Saving 8288 rows of engineered data to data/features/JPM.parquet
Processing features for AAPL...
Saving 8288 rows of engineered data to data/features/AAPL.parquet
Processing features for NEE...
Saving 8288 rows of engineered data to data/features/NEE.parquet
Processing features for DDOG...
Saving 1556 rows of engineered data to data/features/DDOG.parquet
Processing features for JNJ...
Saving 8288 rows of engineered data to data/features/JNJ.parquet
Processing features for NOW...
Saving 3372 rows of engineered data to data/features/NOW.parquet
Processing features for COP...
Saving 8288 rows of engineered data to data/features/COP.parquet
Processing features for STNE...
Saving 1781 rows of engineered data to data/features/STNE.parquet
Processing features for UBER...
Saving 1647 rows of engineered data to data/features/UBER.parquet
Processing features for GOOGL...
Saving 5353 rows of engineered data to data/features/GOOGL.parquet
Processing features for NIO...
Saving 1812 rows of engineered data to data/features/NIO.parquet
Processing features for ^VIX...
Saving 0 rows of engineered data to data/features/^VIX.parquet
Processing features for SHOP...
Saving 2647 rows of engineered data to data/features/SHOP.parquet
Processing features for OXY...
Saving 8288 rows of engineered data to data/features/OXY.parquet
Processing features for NET...
Saving 1560 rows of engineered data to data/features/NET.parquet
Processing features for NVDA...
Saving 6754 rows of engineered data to data/features/NVDA.parquet
Processing features for WMT...
Saving 8288 rows of engineered data to data/features/WMT.parquet
Processing features for SPOT...
Saving 1925 rows of engineered data to data/features/SPOT.parquet
Processing features for D...
Saving 8288 rows of engineered data to data/features/D.parquet
Processing features for VRT...
Saving 1832 rows of engineered data to data/features/VRT.parquet
Processing features for RTX...
Saving 8288 rows of engineered data to data/features/RTX.parquet
Processing features for SPY...
Saving 8264 rows of engineered data to data/features/SPY.parquet
Processing features for XPEV...
Saving 1319 rows of engineered data to data/features/XPEV.parquet
Processing features for BLK...
Saving 6579 rows of engineered data to data/features/BLK.parquet
Processing features for ASML...
Saving 7728 rows of engineered data to data/features/ASML.parquet
Processing features for REGN...
Saving 8288 rows of engineered data to data/features/REGN.parquet
Processing features for COIN...
Saving 1162 rows of engineered data to data/features/COIN.parquet
Processing features for RIVN...
Saving 1015 rows of engineered data to data/features/RIVN.parquet
Processing features for INTC...
Saving 8288 rows of engineered data to data/features/INTC.parquet
Processing features for KO...
Saving 8288 rows of engineered data to data/features/KO.parquet
Processing features for KLAC...
Saving 8288 rows of engineered data to data/features/KLAC.parquet
Processing features for BAC...
Saving 8288 rows of engineered data to data/features/BAC.parquet
Processing features for AMD...
Saving 8287 rows of engineered data to data/features/AMD.parquet
Processing features for MCD...
Saving 8288 rows of engineered data to data/features/MCD.parquet
Processing features for LLY...
Saving 8288 rows of engineered data to data/features/LLY.parquet
Processing features for SO...
Saving 8288 rows of engineered data to data/features/SO.parquet
Processing features for LMT...
Saving 8288 rows of engineered data to data/features/LMT.parquet
Processing features for SOUN...
Saving 899 rows of engineered data to data/features/SOUN.parquet
Processing features for PYPL...
Saving 2616 rows of engineered data to data/features/PYPL.parquet
Processing features for NKE...
Saving 8288 rows of engineered data to data/features/NKE.parquet
Processing features for BABA...
Saving 2814 rows of engineered data to data/features/BABA.parquet
Processing features for HYG...
Saving 4689 rows of engineered data to data/features/HYG.parquet
Processing features for LYFT...
Saving 1676 rows of engineered data to data/features/LYFT.parquet
Processing features for SCHW...
Saving 8288 rows of engineered data to data/features/SCHW.parquet
Processing features for DASH...
Saving 1247 rows of engineered data to data/features/DASH.parquet
Processing features for TGT...
Saving 8288 rows of engineered data to data/features/TGT.parquet
Processing features for LCID...
Saving 1304 rows of engineered data to data/features/LCID.parquet
Processing features for C...
Saving 8288 rows of engineered data to data/features/C.parquet
Processing features for BIIB...
Saving 8284 rows of engineered data to data/features/BIIB.parquet
Processing features for ADBE...
Saving 8288 rows of engineered data to data/features/ADBE.parquet
Processing features for XLE...
Saving 6774 rows of engineered data to data/features/XLE.parquet
Processing features for BBAI...
Saving 1169 rows of engineered data to data/features/BBAI.parquet
Processing features for UNH...
Saving 8288 rows of engineered data to data/features/UNH.parquet
Processing features for XOM...
Saving 8288 rows of engineered data to data/features/XOM.parquet
Processing features for CRM...
Saving 5393 rows of engineered data to data/features/CRM.parquet
Processing features for QQQ...
Saving 6722 rows of engineered data to data/features/QQQ.parquet


############################################################
### STEP: Auditing Feature Quality
############################################################

==================================================
AUDIT REPORT FOR: data/features/XLU.parquet
==================================================
Total rows: 6774
Date Range: 1999-03-12 00:00:00 to 2026-02-13 00:00:00
Total Null values: 0

--- Feature Quality Checks ---
RSI between 0-100: PASS
RSI Mean: 53.44
ATR mean: 0.25
ADX mean: 22.88
MACD mean: 0.04
Rows below Support_30: 571 (8.4%)
Rows above Resistance_30: 1133 (16.7%)

--- Target Distribution (Class Balance) ---
Class 0 (BEARISH (<-2%)): 26.23%
Class 1 (NEUTRAL): 48.10%
Class 2 (BULLISH (>+2%)): 25.67%

--- VIX Regime ---
Rows in HIGH VOLATILITY regime (VIX>30): 9.2%
Avg Volatility (rolling_vol_30): 0.0106
==================================================


==================================================
AUDIT REPORT FOR: data/features/WFC.parquet
==================================================
Total rows: 8288
Date Range: 1993-03-15 00:00:00 to 2026-02-13 00:00:00
Total Null values: 0

--- Feature Quality Checks ---
RSI between 0-100: PASS
RSI Mean: 52.61
ATR mean: 0.59
ADX mean: 21.91
MACD mean: 0.07
Rows below Support_30: 672 (8.1%)
Rows above Resistance_30: 1266 (15.3%)

--- Target Distribution (Class Balance) ---
Class 0 (BEARISH (<-2%)): 28.37%
Class 1 (NEUTRAL): 42.08%
Class 2 (BULLISH (>+2%)): 29.55%

--- VIX Regime ---
Rows in HIGH VOLATILITY regime (VIX>30): 8.5%
Avg Volatility (rolling_vol_30): 0.0182
==================================================



############################################################
### STEP: Training Global XGBoost Model
############################################################
Starting GLOBAL training pipeline for symbols: ['AAPL', 'MSFT', 'NVDA', 'GOOGL', 'AMZN', 'META', 'TSLA', 'AMD', 'QCOM', 'NFLX', 'AVGO', 'SMCI', 'MELI', 'SHOP', 'SNOW', 'CRM', 'NOW', 'ADBE', 'INTU', 'UBER', 'LYFT', 'ABNB', 'DASH', 'RBLX', 'SPOT', 'DDOG', 'NET', 'ZS', 'CRWD', 'OKTA', 'TSM', 'ASML', 'INTC', 'MU', 'ARM', 'LRCX', 'AMAT', 'KLAC', 'MCHP', 'SWKS', 'JPM', 'BAC', 'GS', 'MS', 'V', 'MA', 'PYPL', 'COIN', 'MSTR', 'SQ', 'BLK', 'C', 'WFC', 'AXP', 'SCHW', 'XOM', 'CVX', 'SHEL', 'BP', 'XLE', 'OXY', 'COP', 'SLB', 'JNJ', 'LLY', 'UNH', 'PFE', 'ABBV', 'MRNA', 'BNTX', 'GILD', 'BIIB', 'REGN', 'WMT', 'PG', 'COST', 'KO', 'PEP', 'TGT', 'HD', 'NKE', 'SBUX', 'MCD', 'XLU', 'NEE', 'DUK', 'SO', 'D', 'BA', 'CAT', 'GE', 'LMT', 'RTX', 'NOC', 'RIVN', 'LCID', 'XPEV', 'NIO', 'F', 'GM', 'BABA', 'JD', 'PDD', 'BIDU', 'MELI', 'NU', 'STNE', 'PLTR', 'SOUN', 'IONQ', 'QBTS', 'RGTI', 'BBAI', 'SPY', 'QQQ', 'VRT', 'GLD', 'SLV', 'TLT', 'HYG']
Pooling data from 120 symbols for Global Model...
Warning: File data/features/SQ.parquet not found. Skipping.
Total pooled data: 674584 rows.

  [Walk-Forward] Training years: 1993-2020
  [Walk-Forward] Test fold years: [2021, 2022, 2023, 2024, 2025, 2026]

  [Regime Filter] Removed 8446 rows from outlier periods (e.g., COVID crash).
  [Walk-Forward] Fold 2021: Accuracy=0.4219 (n_test=28335)
  [Regime Filter] Removed 8446 rows from outlier periods (e.g., COVID crash).
  [Walk-Forward] Fold 2022: Accuracy=0.3808 (n_test=29428)
  [Regime Filter] Removed 8446 rows from outlier periods (e.g., COVID crash).
  [Walk-Forward] Fold 2023: Accuracy=0.3922 (n_test=29521)
  [Regime Filter] Removed 8446 rows from outlier periods (e.g., COVID crash).
  [Walk-Forward] Fold 2024: Accuracy=0.3851 (n_test=29988)
  [Regime Filter] Removed 8446 rows from outlier periods (e.g., COVID crash).
  [Walk-Forward] Fold 2025: Accuracy=0.3836 (n_test=29750)
  [Regime Filter] Removed 8446 rows from outlier periods (e.g., COVID crash).
  [Walk-Forward] Fold 2026: Accuracy=0.3874 (n_test=3570)

============================================================
WALK-FORWARD VALIDATION RESULTS — GLOBAL_MODEL
============================================================
              precision    recall  f1-score   support

     BEARISH       0.42      0.38      0.40     55807
     NEUTRAL       0.38      0.58      0.46     41888
     BULLISH       0.39      0.26      0.31     52897

    accuracy                           0.39    150592
   macro avg       0.39      0.41      0.39    150592
weighted avg       0.39      0.39      0.38    150592


  [Final Train] Training production model on all clean data for GLOBAL_MODEL...
  [Regime Filter] Removed 8446 rows from outlier periods (e.g., COVID crash).
  [Final Train] Production model ready. (666138 rows)

Top 10 Most Important Features (GLOBAL_MODEL):
rolling_vol_30           0.324453
Dist_to_Resistance_30    0.069421
Dist_to_Support_30       0.067009
Support_30               0.045142
volume_sma_30            0.044482
Resistance_30            0.036912
ATR                      0.032545
VIX_close                0.031885
SPY_volatility           0.029224
returns_14d              0.026991
Model and metadata saved to models

Global model successfully trained and saved.


############################################################
### STEP: Backtesting PnL (Buy & Hold 7 days)
############################################################

🚀 STARTING BACKTEST (Threshold: 0.6, Hold: 7 days) 🚀
Model loaded from models/xgboost_global_stock_model.json

==================================================
BACKTEST RESULTS - 119 Symbols
==================================================
Total signals triggered:  738
Winning trades:           434 (58.81%)
Average return per trade: 0.33%
Total Return (Additive):  242.04%
==================================================

Top 5 Best Trades:
    symbol       date      prob    return
172   AAPL 2025-08-04  0.679560  0.148733
12    AMZN 2020-06-24  0.627719  0.117993
127   AAPL 2020-04-28  0.645580  0.090315
131   AAPL 2021-06-25  0.712838  0.086094
144   AAPL 2021-11-10  0.703351  0.085384

Top 5 Worst Trades:
    symbol       date      prob    return
233    SPY 2020-03-10  0.644164 -0.166112
231    SPY 2020-02-19  0.928136 -0.124372
710    QQQ 2025-03-28  0.652887 -0.112765
126   AAPL 2020-03-13  0.606312 -0.111847
410    SPY 2025-03-26  0.816546 -0.111346


############################################################
### STEP: Generating Latest Predictions
############################################################
Model loaded from models/xgboost_global_stock_model.json

====================================================================================================
SYMBOL SIGNAL     CONFIDENCE METRICS                       
====================================================================================================
AAPL   🟡 HOLD     ███░░░░░░░  Gap: +10.7pts  B:31.3% N:41.9% Be:26.8%  [MODERATE]
MSFT   ⚪ NO SIGNAL ░░░░░░░░░░  Gap:  +1.0pts  B:34.7% N:31.6% Be:33.7%
NVDA   ⚪ NO SIGNAL ░░░░░░░░░░  Gap:  +0.6pts  B:35.8% N:29.0% Be:35.2%
TSLA   ⚪ NO SIGNAL █░░░░░░░░░  Gap:  +4.2pts  B:25.8% N:39.2% Be:35.0%
MELI   ⚪ NO SIGNAL ░░░░░░░░░░  Gap:  +1.2pts  B:39.5% N:22.2% Be:38.3%
VRT    ⚪ NO SIGNAL ░░░░░░░░░░  Gap:  +2.2pts  B:42.6% N:12.5% Be:44.9%
JPM    ⚪ NO SIGNAL ░░░░░░░░░░  Gap:  +0.2pts  B:33.7% N:32.7% Be:33.5%
GS     ⚪ NO SIGNAL ░░░░░░░░░░  Gap:  +0.8pts  B:35.4% N:30.0% Be:34.6%
JNJ    ⚪ NO SIGNAL ░░░░░░░░░░  Gap:  +2.6pts  B:32.3% N:35.2% Be:32.5%
WMT    ⚪ NO SIGNAL ░░░░░░░░░░  Gap:  +1.4pts  B:32.6% N:34.4% Be:33.0%
XOM    ⚪ NO SIGNAL ░░░░░░░░░░  Gap:  +1.7pts  B:32.2% N:34.8% Be:33.0%
NEE    ⚪ NO SIGNAL █░░░░░░░░░  Gap:  +4.8pts  B:31.5% N:36.7% Be:31.9%
SPY    🟡 HOLD     ██████████  Gap: +95.2pts  B: 1.2% N:97.0% Be: 1.8%  [HIGH CONVICTION]
QQQ    🟡 HOLD     ██████████  Gap: +73.6pts  B: 6.2% N:83.7% Be:10.1%  [HIGH CONVICTION]
META   ⚪ NO SIGNAL ███░░░░░░░  Gap:  +9.8pts  B:32.9% N:24.4% Be:42.7%
GOOGL  🟡 HOLD     ██████████  Gap: +30.3pts  B:23.8% N:54.2% Be:22.0%  [HIGH CONVICTION]
AMZN   ⚪ NO SIGNAL ██░░░░░░░░  Gap:  +8.2pts  B:39.2% N:31.0% Be:29.8%
AMD    ⚪ NO SIGNAL █░░░░░░░░░  Gap:  +4.6pts  B:40.5% N:14.3% Be:45.1%
NFLX   ⚪ NO SIGNAL ░░░░░░░░░░  Gap:  +2.3pts  B:33.8% N:36.0% Be:30.2%
AVGO   ⚪ NO SIGNAL ██░░░░░░░░  Gap:  +6.9pts  B:34.3% N:24.5% Be:41.2%
COIN   ⚪ NO SIGNAL █░░░░░░░░░  Gap:  +3.4pts  B:42.0% N:12.5% Be:45.5%
MSTR   🔴 SELL     █████░░░░░  Gap: +16.9pts  B:35.9% N:11.3% Be:52.8%  [MODERATE]
SHOP   ⚪ NO SIGNAL ░░░░░░░░░░  Gap:  +0.1pts  B:42.9% N:14.3% Be:42.8%
BABA   🔴 SELL     ███░░░░░░░  Gap: +10.3pts  B:36.7% N:16.3% Be:47.0%  [MODERATE]
NIO    ⚪ NO SIGNAL █░░░░░░░░░  Gap:  +5.4pts  B:42.5% N:20.5% Be:37.0%
PLTR   ⚪ NO SIGNAL ░░░░░░░░░░  Gap:  +1.8pts  B:41.4% N:15.4% Be:43.2%
Error: No feature data found for SQ
RIVN   🔴 SELL     ████░░░░░░  Gap: +12.6pts  B:38.9% N: 9.7% Be:51.5%  [MODERATE]
LCID   ⚪ NO SIGNAL ░░░░░░░░░░  Gap:  +2.9pts  B:42.6% N:12.0% Be:45.5%
SMCI   ⚪ NO SIGNAL █░░░░░░░░░  Gap:  +3.7pts  B:42.0% N:12.3% Be:45.7%
====================================================================================================
Results saved to data/latest_predictions.md


✅ FULL PIPELINE EXECUTED SUCCESSFULLY ✅
Metrics and logs saved to: data/pipeline_log.log
Final signals saved to: data/latest_predictions.md
✅ [Wed Feb 25 15:26:49 -05 2026] Pipeline finished. Log saved to /home/joka/personal/stockAiBackend/data/cron_logs/run_20260225_151640.log
